<?xml version="1.0" encoding="UTF-8"?>
<!-- Generated by org.testng.reporters.JUnitReportReporter -->
<testsuite skipped="0" hostname="SYSVINEL007" name="com.turbopro.jobs.FinancialsTab" tests="8" failures="0" timestamp="06 Dec 2018 11:25:44 GMT" time="285.887" errors="0">
  <testcase name="financialTab" time="54.038" classname="com.turbopro.jobs.FinancialsTab"/>
  <testcase name="viewFinancialReport" time="28.787" classname="com.turbopro.jobs.FinancialsTab"/>
  <testcase name="addInvoice" time="52.665" classname="com.turbopro.jobs.FinancialsTab"/>
  <testcase name="viewInvoice" time="30.099" classname="com.turbopro.jobs.FinancialsTab"/>
  <testcase name="viewOutstandingInvoiceStatement" time="30.152" classname="com.turbopro.jobs.FinancialsTab"/>
  <testcase name="viewInvoiceSummary" time="30.089" classname="com.turbopro.jobs.FinancialsTab"/>
  <testcase name="editIncludeTax" time="30.015" classname="com.turbopro.jobs.FinancialsTab"/>
  <testcase name="viewProjectDashboard" time="30.042" classname="com.turbopro.jobs.FinancialsTab"/>
</testsuite> <!-- com.turbopro.jobs.FinancialsTab -->
