<?xml version="1.0" encoding="UTF-8"?>
<!-- Generated by org.testng.reporters.JUnitReportReporter -->
<testsuite skipped="3" hostname="SYSVINEL007" name="com.turbopro.customermenu.CustomerPayments" tests="6" failures="0" timestamp="26 Oct 2018 12:48:54 GMT" time="91.619" errors="0">
  <testcase name="CP_login" time="37.893" classname="com.turbopro.customermenu.CustomerPayments"/>
  <testcase name="CP_createJob" time="30.093" classname="com.turbopro.customermenu.CustomerPayments"/>
  <testcase name="CP_dropship" time="23.633" classname="com.turbopro.customermenu.CustomerPayments"/>
  <testcase name="CP_CIforDropship" classname="com.turbopro.customermenu.CustomerPayments">
    <skipped/>
  </testcase> <!-- CP_CIforDropship -->
  <testcase name="customerPaymentsSort" classname="com.turbopro.customermenu.CustomerPayments">
    <skipped/>
  </testcase> <!-- customerPaymentsSort -->
  <testcase name="CP_MakeCustomerPayment" classname="com.turbopro.customermenu.CustomerPayments">
    <skipped/>
  </testcase> <!-- CP_MakeCustomerPayment -->
</testsuite> <!-- com.turbopro.customermenu.CustomerPayments -->
