<?xml version="1.0" encoding="UTF-8"?>
<!-- Generated by org.testng.reporters.JUnitReportReporter -->
<testsuite skipped="0" hostname="SYSVINEL007" name="com.turbopro.inventory.InventoryTransaction" tests="6" failures="0" timestamp="03 May 2019 06:59:07 GMT" time="667.247" errors="0">
  <testcase name="inventoryTransaction" time="12.579" classname="com.turbopro.inventory.InventoryTransaction"/>
  <testcase name="viewTransaction" time="2.955" classname="com.turbopro.inventory.InventoryTransaction"/>
  <testcase name="viewTransactionInDifferentWarehouse" time="128.912" classname="com.turbopro.inventory.InventoryTransaction"/>
  <testcase name="setDateRange" time="132.778" classname="com.turbopro.inventory.InventoryTransaction"/>
  <testcase name="clearTransactions" time="263.881" classname="com.turbopro.inventory.InventoryTransaction"/>
  <testcase name="printTransactionDetails" time="126.142" classname="com.turbopro.inventory.InventoryTransaction"/>
</testsuite> <!-- com.turbopro.inventory.InventoryTransaction -->
