<?xml version="1.0" encoding="UTF-8"?>
<!-- Generated by org.testng.reporters.JUnitReportReporter -->
<testsuite name="com.turbopro.projectsmenu.ProjectsCustomerProfitMargin" tests="6" time="202.801" ignored="0" failures="0" timestamp="16 Apr 2018 11:58:06 GMT" skipped="0" hostname="Sysvinel007" errors="0">
  <testcase name="navigatePagesCusProfMarg" time="29.855" classname="com.turbopro.projectsmenu.ProjectsCustomerProfitMargin"/>
  <testcase name="cusProfitMargInProjects" time="10.422" classname="com.turbopro.projectsmenu.ProjectsCustomerProfitMargin"/>
  <testcase name="sortingInCusProfMargin" time="81.860" classname="com.turbopro.projectsmenu.ProjectsCustomerProfitMargin"/>
  <testcase name="viewCusProfMargByDateRange" time="20.540" classname="com.turbopro.projectsmenu.ProjectsCustomerProfitMargin"/>
  <testcase name="login" time="53.696" classname="com.turbopro.projectsmenu.ProjectsCustomerProfitMargin"/>
  <testcase name="navigateProjects" time="6.428" classname="com.turbopro.projectsmenu.ProjectsCustomerProfitMargin"/>
</testsuite> <!-- com.turbopro.projectsmenu.ProjectsCustomerProfitMargin -->
