<?xml version="1.0" encoding="UTF-8"?>
<!-- Generated by org.testng.reporters.JUnitReportReporter -->
<testsuite skipped="0" hostname="SYSVINEL007" name="com.turbopro.jobs.CreditTab" tests="11" failures="0" timestamp="26 Feb 2019 09:40:36 GMT" time="96.702" errors="0">
  <testcase name="creditTab" time="56.072" classname="com.turbopro.jobs.CreditTab"/>
  <testcase name="changeCreditStatus" time="4.731" classname="com.turbopro.jobs.CreditTab"/>
  <testcase name="changeCreditType" time="0.596" classname="com.turbopro.jobs.CreditTab"/>
  <testcase name="AddBondAgentDetails" time="5.471" classname="com.turbopro.jobs.CreditTab"/>
  <testcase name="selectFinalWaiver" time="0.125" classname="com.turbopro.jobs.CreditTab"/>
  <testcase name="addNotes" time="2.325" classname="com.turbopro.jobs.CreditTab"/>
  <testcase name="updateContractorDraw" time="7.221" classname="com.turbopro.jobs.CreditTab"/>
  <testcase name="updateGC" time="4.536" classname="com.turbopro.jobs.CreditTab"/>
  <testcase name="updateOwner" time="5.542" classname="com.turbopro.jobs.CreditTab"/>
  <testcase name="updateNotices" time="3.203" classname="com.turbopro.jobs.CreditTab"/>
  <testcase name="updateClaimFiled" time="6.880" classname="com.turbopro.jobs.CreditTab"/>
</testsuite> <!-- com.turbopro.jobs.CreditTab -->
